621.688
IMPOSIBLE
IMPOSIBLE
IMPOSIBLE
IMPOSIBLE
IMPOSIBLE
IMPOSIBLE
1217.688
875.260
325.331
IMPOSIBLE
2860.789
IMPOSIBLE
619.965
327.097
2119.487
2241.424
1405.616
IMPOSIBLE
IMPOSIBLE
1845.648
IMPOSIBLE
3958.445
IMPOSIBLE
2272.067
IMPOSIBLE
IMPOSIBLE
1224.253
IMPOSIBLE
943.265
IMPOSIBLE
IMPOSIBLE
805.836
194.399
164.663
IMPOSIBLE
IMPOSIBLE
2313.797
1372.938
1906.518
1349.333
1211.349
IMPOSIBLE
509.682
IMPOSIBLE
12.286
1113.239
IMPOSIBLE
776.392
IMPOSIBLE
1071.634
IMPOSIBLE
IMPOSIBLE
670.122
2030.172
IMPOSIBLE
IMPOSIBLE
608.815
IMPOSIBLE
IMPOSIBLE
IMPOSIBLE
2089.000
1097.727
IMPOSIBLE
290.241
1844.603
IMPOSIBLE
IMPOSIBLE
789.975
859.090
248.757
597.357
IMPOSIBLE
IMPOSIBLE
IMPOSIBLE
571.852
IMPOSIBLE
IMPOSIBLE
807.212
2119.487
IMPOSIBLE
IMPOSIBLE
811.665
IMPOSIBLE
613.491
IMPOSIBLE
IMPOSIBLE
2904.738
114.891
IMPOSIBLE
400.200
1070.998
1518.055
1326.983
IMPOSIBLE
2302.500
78.842
IMPOSIBLE
104.635
1126.000
