1
1
1
1
1
1
1
1
1
1
1
1
1
1
1
1
1
1
1
1
1
1
1
1
1
1
1
1
1
1
1
1
1
1
1
2
2
2
2
2
2
2
2
2
2
2
2
2
2
2
2
2
2
2
2
2
2
2
2
2
2
2
3
3
3
3
3
3
3
3
3
3
3
3
3
3
3
3
3
3
1
1
1
2
2
2
2
2
2
2
2
2
2
2
2
2
2
2
2
2
2
2
2
2
2
2
2
2
2
2
2
2
2
2
2
2
3
3
3
3
3
3
3
3
3
3
3
3
3
3
3
3
3
3
3
3
3
3
3
3
3
3
3
4
4
4
4
4
4
4
4
4
4
4
4
4
4
4
4
4
4
2
2
2
3
3
3
3
3
3
3
3
3
3
3
3
3
3
3
3
3
3
3
3
3
3
3
3
3
3
3
3
3
3
3
3
3
4
4
4
4
4
4
4
4
4
4
4
4
4
4
4
4
4
4
4
4
4
4
4
4
4
4
4
5
5
5
5
5
5
5
5
5
5
5
5
5
5
5
5
5
5
1
2
2
2
2
2
2
2
2
2
2
2
2
2
2
2
2
2
2
2
2
2
2
2
2
2
2
2
2
2
2
2
2
2
2
2
3
3
3
3
3
3
3
3
3
3
3
3
3
3
3
3
3
3
3
3
3
3
3
3
3
3
3
4
4
4
4
4
4
4
4
4
4
4
4
4
4
4
4
4
4
2
2
2
3
3
3
3
3
3
3
3
3
3
3
3
3
3
3
3
3
3
3
3
3
3
3
3
3
3
3
3
3
3
3
3
3
4
4
4
4
4
4
4
4
4
4
4
4
4
4
4
4
4
4
4
4
4
4
4
4
4
4
4
5
5
5
5
5
5
5
5
5
5
5
5
5
5
5
5
5
5
3
3
3
4
4
4
4
4
4
4
4
4
4
4
4
4
4
4
4
4
4
4
4
4
4
4
4
4
4
4
4
4
4
4
4
4
5
5
5
5
5
5
5
5
5
5
5
5
5
5
5
5
5
5
5
5
5
5
5
5
5
5
5
6
6
6
6
6
6
6
6
6
6
6
6
6
6
6
6
6
6
2
3
3
3
3
3
3
3
3
3
3
3
3
3
3
3
3
3
3
3
3
3
3
3
3
3
3
3
3
3
3
3
3
3
3
3
4
4
4
4
4
4
4
4
4
4
4
4
4
4
4
4
4
4
4
4
4
4
4
4
4
4
4
5
5
5
5
5
5
5
5
5
5
5
5
5
5
5
5
5
5
3
3
3
4
4
4
4
4
4
4
4
4
4
4
4
4
4
4
4
4
4
4
4
4
4
4
4
4
4
4
4
4
4
4
4
4
5
5
5
5
5
5
5
5
5
5
5
5
5
5
5
5
5
5
5
5
5
5
5
5
5
5
5
6
6
6
6
6
6
6
6
6
6
6
6
6
6
6
6
6
6
4
4
4
5
5
5
5
5
5
5
5
5
5
5
5
5
5
5
5
5
5
5
5
5
5
5
5
5
5
5
5
5
5
5
5
5
6
6
6
6
6
6
6
6
6
6
6
6
6
6
6
6
6
6
6
6
6
6
6
6
6
6
6
7
7
7
7
7
7
7
7
7
7
7
7
7
7
7
7
7
7
192146
193805
164254
208218
248586
207531
136196
227318
207835
255867
146120
184842
94081
130019
146458
187214
174968
93405
181251
142303
128830
190510
190088
114074
139798
228579
71362
137029
93633
218591
97222
142421
138117
189168
193937
113565
139002
182446
163500
83715
222607
140003
192254
223170
219574
91250
49887
153758
126875
162300
219783
106007
166257
141131
135883
68633
110212
212437
120830
202684
159029
161798
174114
175540
190895
244856
207366
216861
159246
115535
144149
126542
161695
197464
232423
103573
202266
114853
266704
177261
188397
91967
134177
175033
89236
155425
92418
135182
206329
115722
199860
256917
212021
235796
135853
223199
110241
152467
94020
104426
151821
203456
144779
144264
148171
272153
117771
203247
185208
187683
115189
203800
166774
150787
43217
120487
163939
151891
172846
176276
102754
183710
233301
85500
131062
162158
141874
212000
127716
95035
123865
103376
70810
139590
74914
171311
143282
166865
87561
242234
126817
106085
33049
153656
85576
185437
88441
153357
129740
201494
136393
92223
68811
63207
207686
141352
157358
112703
164030
230069
132674
165101
231038
215944
151744
137800
105885
235686
249763
176499
156521
123506
222926
160732
123499
194819
109039
242124
191157
220401
171521
167161
215946
125727
187774
80935
132809
106631
129278
131171
168402
53882
81657
127750
222206
164204
184254
157582
244679
139018
235544
212007
74914
215299
146876
204767
68515
227236
205835
102000
180871
120800
128071
131742
89600
145863
59205
199076
228862
190067
217009
175917
196227
212687
142651
172521
144436
168276
210454
122840
137071
138846
120024
239030
146687
249395
113996
168102
137048
104234
100536
140451
122410
113959
282351
85658
138053
168101
201173
176497
198159
263174
221672
175688
129593
78182
176549
141101
179186
195151
137045
49374
116355
115525
152050
192953
236525
138449
225169
69740
117215
120149
210098
142296
58841
102779
105075
187678
172042
155546
232525
91995
190218
186272
191501
31925
221195
56416
155919
166197
139016
177212
118644
178619
180699
189747
212876
174656
212317
150785
194462
149817
140447
133779
171412
236205
185525
215886
110159
201956
173176
132968
118205
195343
154402
234965
157547
147244
90841
122321
208458
110147
128587
250897
176243
156007
124647
144562
158496
112544
173190
259227
191835
153663
171053
141107
106746
201208
157282
81665
201198
104924
54488
218268
162025
123220
163446
157287
200029
269579
161595
169968
104876
131781
221266
213810
182405
205776
136407
204890
151632
209941
156676
170894
107336
183553
71366
159447
151944
220472
150512
142706
202767
177103
181569
145999
144488
158920
195408
104004
148404
187835
145940
187020
152975
193126
152035
201996
117334
186648
168178
114512
105190
194500
213751
273825
133143
145161
176414
57500
105163
139104
95355
190034
153536
74009
194096
244472
272828
159116
186138
142931
243985
154340
196163
277588
69226
137134
189779
168533
130542
121065
113192
195317
142900
210286
208679
179278
133230
275006
141517
187170
225243
192482
218483
244439
155981
103848
148599
156545
99191
164566
119881
118209
134259
158186
166314
180929
280246
164798
124942
70338
66027
124003
219148
116686
143987
191340
169440
217504
152401
188148
157195
91927
100754
192012
206799
101636
97350
73020
217497
133006
130394
156656
112798
220555
168117
67710
180729
99962
234039
184824
212366
197904
203037
157481
163675
254155
257268
131511
98667
110227
180957
216373
184556
142410
247272
263936
120148
165190
174389
135973
216152
97852
203982
183797
203245
195042
202651
243984
109250
223392
214024
241621
228625
191990
145671
120362
154443
257356
172523
215541
75579
138324
182837
146148
189847
131439
187679
216446
258730
79135
99997
83925
141753
82493
259671
210262
168750
232525
66649
135240
110598
191997
228175
215943
262894
168176
251766
136921
144826
154522
114645
185053
85963
136130
75975
96115
107540
88300
128168
149103
170893
156065
117718
77302
100003
150157
124814
119517
80978
156183
163828
173161
140093
227354
243654
143371
143875
190552
169378
63158
115834
162687
196118
160564
192933
180131
112325
104087
111486
165595
265881
177451
160785
143066
173395
49025
185329
129999
153645
171718
295155
150215
266950
167334
175345
235189
147296
205763
133300
185688
88539
205606
164123
138374
183001
202549
145705
167432
238199
195723
137901
154876
267136
37385
176172
218526
145642
175295
171672
212687
207112
118094
220854
104913
208856
204253
263437
86178
85854
174843
183297
221383
140671
257981
182574
208476
180134
127844
165698
221371
200824
219498
86619
144955
182871
127956
74028
231586
129691
175129
109683
178130
176396
136987
99824
75351
157085
163016
144081
138992
79342
118266
79682
128814
155276
68400
81974
152697
39112
189133
167859
188949
81121
128834
235984
135728
180669
164564
145306
140404
221543
174939
179587
139989
266450
195595
133051
146051
149523
98631
141082
151230
249101
64046
146337
156185
181511
173772
206702
262200
143842
178276
158775
235887
95687
215792
235019
74929
78549
184793
238215
114182
143523
175813
85118
50600
183919
153890
166126
237886
208591
152238
137394
159606
119264
103187
171832
143750
145504
124398
161357
223545
141175
210134
251251
287677
157245
66835
112072
99156
207343
220111
170213
193411
203678
234564
231724
122345
24138
172071
94462
176269
185679
136577
120745
184395
176199
66300
147889
206773
166447
169821
202505
217249
145952
166876
87225
125729
232122
132989
115546
108733
183278
100414
135023
160034
164697
154955
153910
89966
139156
171185
122605
133477
106035
182534
235776
179829
146738
126134
160558
88798
139931
176470
174894
164056
170173
236646
263623
200536
85862
171149
53298
144008
216935
184247
122193
122467
181427
148537
230364
212850
136225
102048
121139
141202
65635
73758
100340
192870
84279
130071
275002
108166
179434
99112
152679
205662
256836
248251
223745
161874
188920
207953
181357
96064
154541
126184
205981
246599
115140
195447
256137
163496
242981
45985
102480
136444
81494
136151
95253
126544
201583
168193
171797
197651
241102
150907
210622
165502
129634
79677
187312
271967
127259
142511
269515
195298
125508
202812
149627
140254
164677
110659
83178
171608
206852
188307
259847
143511
85718
274352
87234
196314
183446
123272
110656
119237
181851
183988
221422
200722
201270
189816
259314
82796
127024
134821
63658
165940
106263
172467
177629
204017
269907
118660
197545
170586
236652
214377
245469
126776
171640
262088
163580
181919
210195
174595
68706
122206
155625
154657
102475
170342
150453
40453
191919
77867
165529
132822
208401
176278
219310
126928
188419
165227
154369
134446
254320
194568
189185
94817
104275
146441
173245
161852
216479
143761
262844
176700
206840
143747
180363
155554
128246
237925
113419
122985
229460
156066
84620
206070
153995
184454
263240
183646
68186
196245
103386
126426
197370
261397
130674
194820
181849
206890
252980
167185
175468
265430
116269
120766
189634
191100
272957
118533
164419
188707
